INFO:     Will watch for changes in these directories: ['/home/joakim/rfid-manager/dashboard']
INFO:     Uvicorn running on http://0.0.0.0:8000 (Press CTRL+C to quit)
INFO:     Started reloader process [287020] using WatchFiles
INFO:     Started server process [287022]
INFO:     Waiting for application startup.
2026-06-19 21:25:18,094 [dashboard.mqtt] INFO: MQTT client connecting to localhost:1883
INFO:     Application startup complete.
2026-06-19 21:25:18,097 [dashboard.mqtt] INFO: Connected to MQTT broker, subscribing to rfidmanager/+/telemetry
2026-06-19 21:25:18,146 [watchfiles.main] INFO: 1 change detected
2026-06-19 21:25:18,497 [watchfiles.main] INFO: 1 change detected
2026-06-19 21:25:18,848 [watchfiles.main] INFO: 1 change detected
2026-06-19 21:25:19,198 [watchfiles.main] INFO: 1 change detected
INFO:     127.0.0.1:41644 - "GET / HTTP/1.1" 200 OK
2026-06-19 21:25:19,549 [watchfiles.main] INFO: 1 change detected
2026-06-19 21:25:19,900 [watchfiles.main] INFO: 1 change detected
2026-06-19 21:25:20,251 [watchfiles.main] INFO: 1 change detected
2026-06-19 21:25:20,602 [watchfiles.main] INFO: 1 change detected
2026-06-19 21:25:20,952 [watchfiles.main] INFO: 1 change detected
2026-06-19 21:25:21,303 [watchfiles.main] INFO: 1 change detected
2026-06-19 21:25:21,653 [watchfiles.main] INFO: 1 change detected
2026-06-19 21:25:22,004 [watchfiles.main] INFO: 1 change detected
2026-06-19 21:25:22,354 [watchfiles.main] INFO: 1 change detected
2026-06-19 21:25:22,705 [watchfiles.main] INFO: 1 change detected
2026-06-19 21:25:23,055 [watchfiles.main] INFO: 1 change detected
2026-06-19 21:25:23,406 [watchfiles.main] INFO: 1 change detected
2026-06-19 21:25:23,757 [watchfiles.main] INFO: 1 change detected
2026-06-19 21:25:24,107 [watchfiles.main] INFO: 1 change detected
2026-06-19 21:25:24,458 [watchfiles.main] INFO: 1 change detected
2026-06-19 21:25:24,808 [watchfiles.main] INFO: 1 change detected
2026-06-19 21:25:25,159 [watchfiles.main] INFO: 1 change detected
2026-06-19 21:25:25,509 [watchfiles.main] INFO: 1 change detected
2026-06-19 21:25:25,860 [watchfiles.main] INFO: 1 change detected
2026-06-19 21:25:26,211 [watchfiles.main] INFO: 1 change detected
2026-06-19 21:25:26,561 [watchfiles.main] INFO: 1 change detected
2026-06-19 21:25:26,912 [watchfiles.main] INFO: 1 change detected
2026-06-19 21:25:27,262 [watchfiles.main] INFO: 1 change detected
2026-06-19 21:25:27,613 [watchfiles.main] INFO: 1 change detected
2026-06-19 21:25:27,964 [watchfiles.main] INFO: 1 change detected
2026-06-19 21:25:28,315 [watchfiles.main] INFO: 1 change detected
2026-06-19 21:25:28,665 [watchfiles.main] INFO: 1 change detected
2026-06-19 21:25:29,016 [watchfiles.main] INFO: 1 change detected
2026-06-19 21:25:29,367 [watchfiles.main] INFO: 1 change detected
2026-06-19 21:25:29,717 [watchfiles.main] INFO: 1 change detected
2026-06-19 21:25:30,068 [watchfiles.main] INFO: 1 change detected
2026-06-19 21:25:30,418 [watchfiles.main] INFO: 1 change detected
2026-06-19 21:25:30,769 [watchfiles.main] INFO: 1 change detected
2026-06-19 21:25:31,119 [watchfiles.main] INFO: 1 change detected
2026-06-19 21:25:31,470 [watchfiles.main] INFO: 1 change detected
2026-06-19 21:25:31,821 [watchfiles.main] INFO: 1 change detected
2026-06-19 21:25:32,171 [watchfiles.main] INFO: 1 change detected
2026-06-19 21:25:32,522 [watchfiles.main] INFO: 1 change detected
2026-06-19 21:25:32,872 [watchfiles.main] INFO: 1 change detected
2026-06-19 21:25:33,223 [watchfiles.main] INFO: 1 change detected
2026-06-19 21:25:33,573 [watchfiles.main] INFO: 1 change detected
2026-06-19 21:25:33,924 [watchfiles.main] INFO: 1 change detected
2026-06-19 21:25:34,275 [watchfiles.main] INFO: 1 change detected
2026-06-19 21:25:34,626 [watchfiles.main] INFO: 1 change detected
2026-06-19 21:25:34,976 [watchfiles.main] INFO: 1 change detected
2026-06-19 21:25:35,327 [watchfiles.main] INFO: 1 change detected
2026-06-19 21:25:35,678 [watchfiles.main] INFO: 1 change detected
2026-06-19 21:25:36,029 [watchfiles.main] INFO: 1 change detected
2026-06-19 21:25:36,380 [watchfiles.main] INFO: 1 change detected
2026-06-19 21:25:36,730 [watchfiles.main] INFO: 1 change detected
2026-06-19 21:25:37,081 [watchfiles.main] INFO: 1 change detected
2026-06-19 21:25:37,432 [watchfiles.main] INFO: 1 change detected
2026-06-19 21:25:37,782 [watchfiles.main] INFO: 1 change detected
2026-06-19 21:25:38,133 [watchfiles.main] INFO: 1 change detected
2026-06-19 21:25:38,483 [watchfiles.main] INFO: 1 change detected
2026-06-19 21:25:38,834 [watchfiles.main] INFO: 1 change detected
2026-06-19 21:25:39,185 [watchfiles.main] INFO: 1 change detected
2026-06-19 21:25:39,535 [watchfiles.main] INFO: 1 change detected
2026-06-19 21:25:39,886 [watchfiles.main] INFO: 1 change detected
2026-06-19 21:25:40,236 [watchfiles.main] INFO: 1 change detected
2026-06-19 21:25:40,587 [watchfiles.main] INFO: 1 change detected
2026-06-19 21:25:40,938 [watchfiles.main] INFO: 1 change detected
2026-06-19 21:25:41,288 [watchfiles.main] INFO: 1 change detected
2026-06-19 21:25:41,639 [watchfiles.main] INFO: 1 change detected
2026-06-19 21:25:41,989 [watchfiles.main] INFO: 1 change detected
2026-06-19 21:25:42,340 [watchfiles.main] INFO: 1 change detected
2026-06-19 21:25:42,690 [watchfiles.main] INFO: 1 change detected
2026-06-19 21:25:43,041 [watchfiles.main] INFO: 1 change detected
2026-06-19 21:25:43,392 [watchfiles.main] INFO: 1 change detected
2026-06-19 21:25:43,742 [watchfiles.main] INFO: 1 change detected
2026-06-19 21:25:44,093 [watchfiles.main] INFO: 1 change detected
2026-06-19 21:25:44,444 [watchfiles.main] INFO: 1 change detected
2026-06-19 21:25:44,794 [watchfiles.main] INFO: 1 change detected
2026-06-19 21:25:45,145 [watchfiles.main] INFO: 1 change detected
2026-06-19 21:25:45,496 [watchfiles.main] INFO: 1 change detected
2026-06-19 21:25:45,846 [watchfiles.main] INFO: 1 change detected
2026-06-19 21:25:46,197 [watchfiles.main] INFO: 1 change detected
2026-06-19 21:25:46,547 [watchfiles.main] INFO: 1 change detected
2026-06-19 21:25:46,898 [watchfiles.main] INFO: 1 change detected
2026-06-19 21:25:47,249 [watchfiles.main] INFO: 1 change detected
2026-06-19 21:25:47,600 [watchfiles.main] INFO: 1 change detected
2026-06-19 21:25:47,950 [watchfiles.main] INFO: 1 change detected
2026-06-19 21:25:48,301 [watchfiles.main] INFO: 1 change detected
2026-06-19 21:25:48,651 [watchfiles.main] INFO: 1 change detected
2026-06-19 21:25:49,002 [watchfiles.main] INFO: 1 change detected
2026-06-19 21:25:49,353 [watchfiles.main] INFO: 1 change detected
2026-06-19 21:25:49,703 [watchfiles.main] INFO: 1 change detected
2026-06-19 21:25:50,054 [watchfiles.main] INFO: 1 change detected
2026-06-19 21:25:50,404 [watchfiles.main] INFO: 1 change detected
2026-06-19 21:25:50,755 [watchfiles.main] INFO: 1 change detected
2026-06-19 21:25:51,105 [watchfiles.main] INFO: 1 change detected
2026-06-19 21:25:51,456 [watchfiles.main] INFO: 1 change detected
2026-06-19 21:25:51,806 [watchfiles.main] INFO: 1 change detected
2026-06-19 21:25:52,157 [watchfiles.main] INFO: 1 change detected
2026-06-19 21:25:52,508 [watchfiles.main] INFO: 1 change detected
2026-06-19 21:25:52,858 [watchfiles.main] INFO: 1 change detected
2026-06-19 21:25:53,209 [watchfiles.main] INFO: 1 change detected
2026-06-19 21:25:53,560 [watchfiles.main] INFO: 1 change detected
2026-06-19 21:25:53,910 [watchfiles.main] INFO: 1 change detected
2026-06-19 21:25:54,261 [watchfiles.main] INFO: 1 change detected
2026-06-19 21:25:54,612 [watchfiles.main] INFO: 1 change detected
2026-06-19 21:25:54,963 [watchfiles.main] INFO: 1 change detected
2026-06-19 21:25:55,313 [watchfiles.main] INFO: 1 change detected
2026-06-19 21:25:55,664 [watchfiles.main] INFO: 1 change detected
2026-06-19 21:25:56,015 [watchfiles.main] INFO: 1 change detected
2026-06-19 21:25:56,366 [watchfiles.main] INFO: 1 change detected
2026-06-19 21:25:56,716 [watchfiles.main] INFO: 1 change detected
2026-06-19 21:25:57,067 [watchfiles.main] INFO: 1 change detected
2026-06-19 21:25:57,417 [watchfiles.main] INFO: 1 change detected
2026-06-19 21:25:57,768 [watchfiles.main] INFO: 1 change detected
2026-06-19 21:25:58,119 [watchfiles.main] INFO: 1 change detected
2026-06-19 21:25:58,469 [watchfiles.main] INFO: 1 change detected
2026-06-19 21:25:58,820 [watchfiles.main] INFO: 1 change detected
2026-06-19 21:25:59,170 [watchfiles.main] INFO: 1 change detected
2026-06-19 21:25:59,521 [watchfiles.main] INFO: 1 change detected
2026-06-19 21:25:59,871 [watchfiles.main] INFO: 1 change detected
2026-06-19 21:26:00,222 [watchfiles.main] INFO: 1 change detected
2026-06-19 21:26:00,573 [watchfiles.main] INFO: 1 change detected
2026-06-19 21:26:00,923 [watchfiles.main] INFO: 1 change detected
2026-06-19 21:26:01,274 [watchfiles.main] INFO: 1 change detected
INFO:     127.0.0.1:59008 - "GET /v1/models HTTP/1.1" 404 Not Found
INFO:     192.168.50.128:47932 - "GET /v1/models HTTP/1.1" 404 Not Found
2026-06-19 21:26:01,624 [watchfiles.main] INFO: 1 change detected
2026-06-19 21:26:01,975 [watchfiles.main] INFO: 1 change detected
2026-06-19 21:26:02,325 [watchfiles.main] INFO: 1 change detected
2026-06-19 21:26:02,676 [watchfiles.main] INFO: 1 change detected
2026-06-19 21:26:03,026 [watchfiles.main] INFO: 1 change detected
2026-06-19 21:26:03,377 [watchfiles.main] INFO: 1 change detected
2026-06-19 21:26:03,728 [watchfiles.main] INFO: 1 change detected
2026-06-19 21:26:04,078 [watchfiles.main] INFO: 1 change detected
2026-06-19 21:26:04,429 [watchfiles.main] INFO: 1 change detected
2026-06-19 21:26:04,780 [watchfiles.main] INFO: 1 change detected
2026-06-19 21:26:05,130 [watchfiles.main] INFO: 1 change detected
2026-06-19 21:26:05,481 [watchfiles.main] INFO: 1 change detected
2026-06-19 21:26:05,832 [watchfiles.main] INFO: 1 change detected
2026-06-19 21:26:06,182 [watchfiles.main] INFO: 1 change detected
2026-06-19 21:26:06,533 [watchfiles.main] INFO: 1 change detected
2026-06-19 21:26:06,884 [watchfiles.main] INFO: 1 change detected
2026-06-19 21:26:07,235 [watchfiles.main] INFO: 1 change detected
2026-06-19 21:26:07,586 [watchfiles.main] INFO: 1 change detected
2026-06-19 21:26:07,936 [watchfiles.main] INFO: 1 change detected
2026-06-19 21:26:08,287 [watchfiles.main] INFO: 1 change detected
2026-06-19 21:26:08,637 [watchfiles.main] INFO: 1 change detected
2026-06-19 21:26:08,988 [watchfiles.main] INFO: 1 change detected
2026-06-19 21:26:09,339 [watchfiles.main] INFO: 1 change detected
2026-06-19 21:26:09,689 [watchfiles.main] INFO: 1 change detected
2026-06-19 21:26:10,040 [watchfiles.main] INFO: 1 change detected
2026-06-19 21:26:10,390 [watchfiles.main] INFO: 1 change detected
2026-06-19 21:26:10,741 [watchfiles.main] INFO: 1 change detected
2026-06-19 21:26:11,091 [watchfiles.main] INFO: 1 change detected
2026-06-19 21:26:11,442 [watchfiles.main] INFO: 1 change detected
2026-06-19 21:26:11,793 [watchfiles.main] INFO: 1 change detected
2026-06-19 21:26:12,143 [watchfiles.main] INFO: 1 change detected
2026-06-19 21:26:12,494 [watchfiles.main] INFO: 1 change detected
2026-06-19 21:26:12,845 [watchfiles.main] INFO: 1 change detected
2026-06-19 21:26:13,195 [watchfiles.main] INFO: 1 change detected
2026-06-19 21:26:13,546 [watchfiles.main] INFO: 1 change detected
2026-06-19 21:26:13,896 [watchfiles.main] INFO: 1 change detected
2026-06-19 21:26:14,247 [watchfiles.main] INFO: 1 change detected
2026-06-19 21:26:14,598 [watchfiles.main] INFO: 1 change detected
2026-06-19 21:26:14,948 [watchfiles.main] INFO: 1 change detected
2026-06-19 21:26:15,299 [watchfiles.main] INFO: 1 change detected
2026-06-19 21:26:15,650 [watchfiles.main] INFO: 1 change detected
2026-06-19 21:26:16,000 [watchfiles.main] INFO: 1 change detected
INFO:     127.0.0.1:57034 - "GET / HTTP/1.1" 200 OK
INFO:     127.0.0.1:57034 - "GET /api/stats HTTP/1.1" 200 OK
INFO:     127.0.0.1:57034 - "GET /api/events HTTP/1.1" 200 OK
INFO:     127.0.0.1:57042 - "GET /favicon.ico HTTP/1.1" 404 Not Found
2026-06-19 21:26:16,351 [watchfiles.main] INFO: 1 change detected
2026-06-19 21:26:16,702 [watchfiles.main] INFO: 1 change detected
2026-06-19 21:26:17,052 [watchfiles.main] INFO: 1 change detected
2026-06-19 21:26:17,403 [watchfiles.main] INFO: 1 change detected
2026-06-19 21:26:17,753 [watchfiles.main] INFO: 1 change detected
2026-06-19 21:26:18,104 [watchfiles.main] INFO: 1 change detected
2026-06-19 21:26:18,454 [watchfiles.main] INFO: 1 change detected
2026-06-19 21:26:18,805 [watchfiles.main] INFO: 1 change detected
2026-06-19 21:26:19,155 [watchfiles.main] INFO: 1 change detected
2026-06-19 21:26:19,506 [watchfiles.main] INFO: 1 change detected
2026-06-19 21:26:19,857 [watchfiles.main] INFO: 1 change detected
2026-06-19 21:26:20,207 [watchfiles.main] INFO: 1 change detected
2026-06-19 21:26:20,558 [watchfiles.main] INFO: 1 change detected
2026-06-19 21:26:20,908 [watchfiles.main] INFO: 1 change detected
INFO:     127.0.0.1:57042 - "GET /api/stats HTTP/1.1" 200 OK
2026-06-19 21:26:21,259 [watchfiles.main] INFO: 1 change detected
2026-06-19 21:26:21,610 [watchfiles.main] INFO: 1 change detected
2026-06-19 21:26:21,960 [watchfiles.main] INFO: 1 change detected
2026-06-19 21:26:22,311 [watchfiles.main] INFO: 1 change detected
2026-06-19 21:26:22,661 [watchfiles.main] INFO: 1 change detected
2026-06-19 21:26:23,012 [watchfiles.main] INFO: 1 change detected
2026-06-19 21:26:23,363 [watchfiles.main] INFO: 1 change detected
2026-06-19 21:26:23,713 [watchfiles.main] INFO: 1 change detected
2026-06-19 21:26:24,064 [watchfiles.main] INFO: 1 change detected
2026-06-19 21:26:24,415 [watchfiles.main] INFO: 1 change detected
2026-06-19 21:26:24,765 [watchfiles.main] INFO: 1 change detected
2026-06-19 21:26:25,116 [watchfiles.main] INFO: 1 change detected
2026-06-19 21:26:25,467 [watchfiles.main] INFO: 1 change detected
2026-06-19 21:26:25,818 [watchfiles.main] INFO: 1 change detected
INFO:     127.0.0.1:57042 - "GET /api/stats HTTP/1.1" 200 OK
2026-06-19 21:26:26,168 [watchfiles.main] INFO: 1 change detected
2026-06-19 21:26:26,519 [watchfiles.main] INFO: 1 change detected
2026-06-19 21:26:26,870 [watchfiles.main] INFO: 1 change detected
2026-06-19 21:26:27,220 [watchfiles.main] INFO: 1 change detected
2026-06-19 21:26:27,571 [watchfiles.main] INFO: 1 change detected
2026-06-19 21:26:27,921 [watchfiles.main] INFO: 1 change detected
2026-06-19 21:26:28,272 [watchfiles.main] INFO: 1 change detected
2026-06-19 21:26:28,623 [watchfiles.main] INFO: 1 change detected
2026-06-19 21:26:28,973 [watchfiles.main] INFO: 1 change detected
2026-06-19 21:26:29,324 [watchfiles.main] INFO: 1 change detected
2026-06-19 21:26:29,674 [watchfiles.main] INFO: 1 change detected
2026-06-19 21:26:30,025 [watchfiles.main] INFO: 1 change detected
2026-06-19 21:26:30,375 [watchfiles.main] INFO: 1 change detected
2026-06-19 21:26:30,726 [watchfiles.main] INFO: 1 change detected
2026-06-19 21:26:31,077 [watchfiles.main] INFO: 1 change detected
INFO:     127.0.0.1:44306 - "GET /api/stats HTTP/1.1" 200 OK
2026-06-19 21:26:31,427 [watchfiles.main] INFO: 1 change detected
2026-06-19 21:26:31,778 [watchfiles.main] INFO: 1 change detected
2026-06-19 21:26:32,129 [watchfiles.main] INFO: 1 change detected
2026-06-19 21:26:32,479 [watchfiles.main] INFO: 1 change detected
2026-06-19 21:26:32,830 [watchfiles.main] INFO: 1 change detected
2026-06-19 21:26:33,181 [watchfiles.main] INFO: 1 change detected
2026-06-19 21:26:33,532 [watchfiles.main] INFO: 1 change detected
2026-06-19 21:26:33,883 [watchfiles.main] INFO: 1 change detected
2026-06-19 21:26:34,233 [watchfiles.main] INFO: 1 change detected
2026-06-19 21:26:34,584 [watchfiles.main] INFO: 1 change detected
2026-06-19 21:26:34,934 [watchfiles.main] INFO: 1 change detected
2026-06-19 21:26:35,285 [watchfiles.main] INFO: 1 change detected
2026-06-19 21:26:35,636 [watchfiles.main] INFO: 1 change detected
2026-06-19 21:26:35,986 [watchfiles.main] INFO: 1 change detected
INFO:     127.0.0.1:44306 - "GET /api/stats HTTP/1.1" 200 OK
2026-06-19 21:26:36,337 [watchfiles.main] INFO: 1 change detected
2026-06-19 21:26:36,687 [watchfiles.main] INFO: 1 change detected
2026-06-19 21:26:37,038 [watchfiles.main] INFO: 1 change detected
2026-06-19 21:26:37,389 [watchfiles.main] INFO: 1 change detected
2026-06-19 21:26:37,739 [watchfiles.main] INFO: 1 change detected
2026-06-19 21:26:38,090 [watchfiles.main] INFO: 1 change detected
2026-06-19 21:26:38,441 [watchfiles.main] INFO: 1 change detected
2026-06-19 21:26:38,791 [watchfiles.main] INFO: 1 change detected
2026-06-19 21:26:39,142 [watchfiles.main] INFO: 1 change detected
2026-06-19 21:26:39,492 [watchfiles.main] INFO: 1 change detected
2026-06-19 21:26:39,843 [watchfiles.main] INFO: 1 change detected
2026-06-19 21:26:40,193 [watchfiles.main] INFO: 1 change detected
2026-06-19 21:26:40,544 [watchfiles.main] INFO: 1 change detected
2026-06-19 21:26:40,894 [watchfiles.main] INFO: 1 change detected
INFO:     127.0.0.1:48234 - "GET /api/stats HTTP/1.1" 200 OK
2026-06-19 21:26:41,245 [watchfiles.main] INFO: 1 change detected
2026-06-19 21:26:41,595 [watchfiles.main] INFO: 1 change detected
2026-06-19 21:26:41,946 [watchfiles.main] INFO: 1 change detected
2026-06-19 21:26:42,296 [watchfiles.main] INFO: 1 change detected
2026-06-19 21:26:42,647 [watchfiles.main] INFO: 1 change detected
2026-06-19 21:26:42,998 [watchfiles.main] INFO: 1 change detected
2026-06-19 21:26:43,348 [watchfiles.main] INFO: 1 change detected
2026-06-19 21:26:43,699 [watchfiles.main] INFO: 1 change detected
2026-06-19 21:26:44,050 [watchfiles.main] INFO: 1 change detected
2026-06-19 21:26:44,400 [watchfiles.main] INFO: 1 change detected
2026-06-19 21:26:44,751 [watchfiles.main] INFO: 1 change detected
2026-06-19 21:26:45,101 [watchfiles.main] INFO: 1 change detected
2026-06-19 21:26:45,452 [watchfiles.main] INFO: 1 change detected
2026-06-19 21:26:45,803 [watchfiles.main] INFO: 1 change detected
2026-06-19 21:26:46,154 [watchfiles.main] INFO: 1 change detected
INFO:     127.0.0.1:58360 - "GET /api/stats HTTP/1.1" 200 OK
2026-06-19 21:26:46,504 [watchfiles.main] INFO: 1 change detected
2026-06-19 21:26:46,855 [watchfiles.main] INFO: 1 change detected
2026-06-19 21:26:47,205 [watchfiles.main] INFO: 1 change detected
2026-06-19 21:26:47,556 [watchfiles.main] INFO: 1 change detected
2026-06-19 21:26:47,906 [watchfiles.main] INFO: 1 change detected
2026-06-19 21:26:48,257 [watchfiles.main] INFO: 1 change detected
2026-06-19 21:26:48,608 [watchfiles.main] INFO: 1 change detected
2026-06-19 21:26:48,958 [watchfiles.main] INFO: 1 change detected
2026-06-19 21:26:49,309 [watchfiles.main] INFO: 1 change detected
2026-06-19 21:26:49,659 [watchfiles.main] INFO: 1 change detected
2026-06-19 21:26:50,010 [watchfiles.main] INFO: 1 change detected
2026-06-19 21:26:50,360 [watchfiles.main] INFO: 1 change detected
2026-06-19 21:26:50,711 [watchfiles.main] INFO: 1 change detected
2026-06-19 21:26:51,062 [watchfiles.main] INFO: 1 change detected
INFO:     127.0.0.1:58372 - "GET /api/stats HTTP/1.1" 200 OK
2026-06-19 21:26:51,412 [watchfiles.main] INFO: 1 change detected
2026-06-19 21:26:51,763 [watchfiles.main] INFO: 1 change detected
2026-06-19 21:26:52,113 [watchfiles.main] INFO: 1 change detected
2026-06-19 21:26:52,464 [watchfiles.main] INFO: 1 change detected
2026-06-19 21:26:52,815 [watchfiles.main] INFO: 1 change detected
2026-06-19 21:26:53,165 [watchfiles.main] INFO: 1 change detected
2026-06-19 21:26:53,516 [watchfiles.main] INFO: 1 change detected
2026-06-19 21:26:53,867 [watchfiles.main] INFO: 1 change detected
2026-06-19 21:26:54,218 [watchfiles.main] INFO: 1 change detected
2026-06-19 21:26:54,569 [watchfiles.main] INFO: 1 change detected
2026-06-19 21:26:54,919 [watchfiles.main] INFO: 1 change detected
2026-06-19 21:26:55,270 [watchfiles.main] INFO: 1 change detected
2026-06-19 21:26:55,620 [watchfiles.main] INFO: 1 change detected
2026-06-19 21:26:55,971 [watchfiles.main] INFO: 1 change detected
INFO:     127.0.0.1:60108 - "GET /api/stats HTTP/1.1" 200 OK
2026-06-19 21:26:56,321 [watchfiles.main] INFO: 1 change detected
2026-06-19 21:26:56,672 [watchfiles.main] INFO: 1 change detected
2026-06-19 21:26:57,023 [watchfiles.main] INFO: 1 change detected
2026-06-19 21:26:57,373 [watchfiles.main] INFO: 1 change detected
2026-06-19 21:26:57,724 [watchfiles.main] INFO: 1 change detected
2026-06-19 21:26:58,075 [watchfiles.main] INFO: 1 change detected
2026-06-19 21:26:58,425 [watchfiles.main] INFO: 1 change detected
2026-06-19 21:26:58,776 [watchfiles.main] INFO: 1 change detected
2026-06-19 21:26:59,127 [watchfiles.main] INFO: 1 change detected
2026-06-19 21:26:59,478 [watchfiles.main] INFO: 1 change detected
2026-06-19 21:26:59,828 [watchfiles.main] INFO: 1 change detected
2026-06-19 21:27:00,179 [watchfiles.main] INFO: 1 change detected
2026-06-19 21:27:00,529 [watchfiles.main] INFO: 1 change detected
2026-06-19 21:27:00,880 [watchfiles.main] INFO: 1 change detected
INFO:     127.0.0.1:60108 - "GET /api/stats HTTP/1.1" 200 OK
2026-06-19 21:27:01,230 [watchfiles.main] INFO: 1 change detected
2026-06-19 21:27:01,581 [watchfiles.main] INFO: 1 change detected
INFO:     127.0.0.1:60114 - "GET /v1/models HTTP/1.1" 404 Not Found
INFO:     192.168.50.128:46364 - "GET /v1/models HTTP/1.1" 404 Not Found
2026-06-19 21:27:01,932 [watchfiles.main] INFO: 1 change detected
2026-06-19 21:27:02,282 [watchfiles.main] INFO: 1 change detected
2026-06-19 21:27:02,633 [watchfiles.main] INFO: 1 change detected
2026-06-19 21:27:02,984 [watchfiles.main] INFO: 1 change detected
2026-06-19 21:27:03,334 [watchfiles.main] INFO: 1 change detected
2026-06-19 21:27:03,685 [watchfiles.main] INFO: 1 change detected
2026-06-19 21:27:04,036 [watchfiles.main] INFO: 1 change detected
2026-06-19 21:27:04,386 [watchfiles.main] INFO: 1 change detected
2026-06-19 21:27:04,737 [watchfiles.main] INFO: 1 change detected
2026-06-19 21:27:05,088 [watchfiles.main] INFO: 1 change detected
2026-06-19 21:27:05,438 [watchfiles.main] INFO: 1 change detected
2026-06-19 21:27:05,789 [watchfiles.main] INFO: 1 change detected
2026-06-19 21:27:06,139 [watchfiles.main] INFO: 1 change detected
INFO:     127.0.0.1:60108 - "GET /api/stats HTTP/1.1" 200 OK
2026-06-19 21:27:06,490 [watchfiles.main] INFO: 1 change detected
2026-06-19 21:27:06,840 [watchfiles.main] INFO: 1 change detected
2026-06-19 21:27:07,191 [watchfiles.main] INFO: 1 change detected
2026-06-19 21:27:07,542 [watchfiles.main] INFO: 1 change detected
2026-06-19 21:27:07,892 [watchfiles.main] INFO: 1 change detected
2026-06-19 21:27:08,243 [watchfiles.main] INFO: 1 change detected
2026-06-19 21:27:08,593 [watchfiles.main] INFO: 1 change detected
2026-06-19 21:27:08,944 [watchfiles.main] INFO: 1 change detected
2026-06-19 21:27:09,295 [watchfiles.main] INFO: 1 change detected
2026-06-19 21:27:09,645 [watchfiles.main] INFO: 1 change detected
2026-06-19 21:27:09,996 [watchfiles.main] INFO: 1 change detected
2026-06-19 21:27:10,346 [watchfiles.main] INFO: 1 change detected
2026-06-19 21:27:10,697 [watchfiles.main] INFO: 1 change detected
2026-06-19 21:27:11,048 [watchfiles.main] INFO: 1 change detected
INFO:     127.0.0.1:60108 - "GET /api/stats HTTP/1.1" 200 OK
2026-06-19 21:27:11,398 [watchfiles.main] INFO: 1 change detected
2026-06-19 21:27:11,749 [watchfiles.main] INFO: 1 change detected
2026-06-19 21:27:12,099 [watchfiles.main] INFO: 1 change detected
2026-06-19 21:27:12,450 [watchfiles.main] INFO: 1 change detected
2026-06-19 21:27:12,801 [watchfiles.main] INFO: 1 change detected
2026-06-19 21:27:13,151 [watchfiles.main] INFO: 1 change detected
2026-06-19 21:27:13,502 [watchfiles.main] INFO: 1 change detected
2026-06-19 21:27:13,853 [watchfiles.main] INFO: 1 change detected
2026-06-19 21:27:14,203 [watchfiles.main] INFO: 1 change detected
2026-06-19 21:27:14,554 [watchfiles.main] INFO: 1 change detected
2026-06-19 21:27:14,904 [watchfiles.main] INFO: 1 change detected
2026-06-19 21:27:15,255 [watchfiles.main] INFO: 1 change detected
2026-06-19 21:27:15,606 [watchfiles.main] INFO: 1 change detected
2026-06-19 21:27:15,957 [watchfiles.main] INFO: 1 change detected
INFO:     127.0.0.1:60108 - "GET /api/stats HTTP/1.1" 200 OK
2026-06-19 21:27:16,307 [watchfiles.main] INFO: 1 change detected
2026-06-19 21:27:16,658 [watchfiles.main] INFO: 1 change detected
2026-06-19 21:27:17,008 [watchfiles.main] INFO: 1 change detected
2026-06-19 21:27:17,359 [watchfiles.main] INFO: 1 change detected
INFO:     Shutting down
INFO:     Waiting for connections to close. (CTRL+C to force quit)
2026-06-19 21:32:14,416 [dashboard.mqtt] WARNING: Disconnected from MQTT broker (rc=7)
2026-06-19 21:32:15,417 [dashboard.mqtt] INFO: Connected to MQTT broker, subscribing to rfidmanager/+/telemetry
